# JRE version: Java(TM) SE Runtime Environment (8.0_66-b17) (build 1.8.0_66-b17)
# Java VM: Java HotSpot(TM) 64-Bit Server VM (25.66-b17 mixed mode linux-amd64 compressed oops)
Heap:
 PSYoungGen      total 173568K, used 23882K [0x00000000eab00000, 0x00000000f6e00000, 0x0000000100000000)
  eden space 164352K, 9% used [0x00000000eab00000,0x00000000eb975a50,0x00000000f4b80000)
  from space 9216K, 98% used [0x00000000f6500000,0x00000000f6ddce78,0x00000000f6e00000)
  to   space 16384K, 0% used [0x00000000f4e00000,0x00000000f4e00000,0x00000000f5e00000)
 ParOldGen       total 225280K, used 140882K [0x00000000c0000000, 0x00000000cdc00000, 0x00000000eab00000)
  object space 225280K, 62% used [0x00000000c0000000,0x00000000c8994958,0x00000000cdc00000)
 Metaspace       used 94659K, capacity 101162K, committed 101248K, reserved 1136640K
  class space    used 11186K, capacity 13112K, committed 13184K, reserved 1048576K
GC Heap History (10 events):
Event: 16703.284 GC heap before
{Heap before GC invocations=353 (full 29):
 PSYoungGen      total 184832K, used 184452K [0x00000000eab00000, 0x00000000f7980000, 0x0000000100000000)
  eden space 170496K, 100% used [0x00000000eab00000,0x00000000f5180000,0x00000000f5180000)
  from space 14336K, 97% used [0x00000000f5180000,0x00000000f5f21010,0x00000000f5f80000)
  to   space 15872K, 0% used [0x00000000f6a00000,0x00000000f6a00000,0x00000000f7980000)
 ParOldGen       total 225280K, used 139714K [0x00000000c0000000, 0x00000000cdc00000, 0x00000000eab00000)
  object space 225280K, 62% used [0x00000000c0000000,0x00000000c8870958,0x00000000cdc00000)
 Metaspace       used 94508K, capacity 100938K, committed 101248K, reserved 1136640K
  class space    used 11167K, capacity 13080K, committed 13184K, reserved 1048576K
Event: 16703.334 GC heap after
Heap after GC invocations=353 (full 29):
 PSYoungGen      total 194048K, used 11626K [0x00000000eab00000, 0x00000000f7a00000, 0x0000000100000000)
  eden space 178176K, 0% used [0x00000000eab00000,0x00000000eab00000,0x00000000f5900000)
  from space 15872K, 73% used [0x00000000f6a00000,0x00000000f755a8d0,0x00000000f7980000)
  to   space 16896K, 0% used [0x00000000f5900000,0x00000000f5900000,0x00000000f6980000)
 ParOldGen       total 225280K, used 139714K [0x00000000c0000000, 0x00000000cdc00000, 0x00000000eab00000)
  object space 225280K, 62% used [0x00000000c0000000,0x00000000c8870958,0x00000000cdc00000)
 Metaspace       used 94508K, capacity 100938K, committed 101248K, reserved 1136640K
  class space    used 11167K, capacity 13080K, committed 13184K, reserved 1048576K
}
Event: 16804.720 GC heap before
{Heap before GC invocations=354 (full 29):
 PSYoungGen      total 194048K, used 189802K [0x00000000eab00000, 0x00000000f7a00000, 0x0000000100000000)
  eden space 178176K, 100% used [0x00000000eab00000,0x00000000f5900000,0x00000000f5900000)
  from space 15872K, 73% used [0x00000000f6a00000,0x00000000f755a8d0,0x00000000f7980000)
  to   space 16896K, 0% used [0x00000000f5900000,0x00000000f5900000,0x00000000f6980000)
 ParOldGen       total 225280K, used 139714K [0x00000000c0000000, 0x00000000cdc00000, 0x00000000eab00000)
  object space 225280K, 62% used [0x00000000c0000000,0x00000000c8870958,0x00000000cdc00000)
 Metaspace       used 94508K, capacity 100938K, committed 101248K, reserved 1136640K
  class space    used 11167K, capacity 13080K, committed 13184K, reserved 1048576K
Event: 16804.756 GC heap after
Heap after GC invocations=354 (full 29):
 PSYoungGen      total 195072K, used 9480K [0x00000000eab00000, 0x00000000f7f00000, 0x0000000100000000)
  eden space 178176K, 0% used [0x00000000eab00000,0x00000000eab00000,0x00000000f5900000)
  from space 16896K, 56% used [0x00000000f5900000,0x00000000f6242040,0x00000000f6980000)
  to   space 16384K, 0% used [0x00000000f6f00000,0x00000000f6f00000,0x00000000f7f00000)
 ParOldGen       total 225280K, used 139714K [0x00000000c0000000, 0x00000000cdc00000, 0x00000000eab00000)
  object space 225280K, 62% used [0x00000000c0000000,0x00000000c8870958,0x00000000cdc00000)
 Metaspace       used 94508K, capacity 100938K, committed 101248K, reserved 1136640K
  class space    used 11167K, capacity 13080K, committed 13184K, reserved 1048576K
}
Event: 16889.427 GC heap before
{Heap before GC invocations=355 (full 29):
 PSYoungGen      total 195072K, used 187656K [0x00000000eab00000, 0x00000000f7f00000, 0x0000000100000000)
  eden space 178176K, 100% used [0x00000000eab00000,0x00000000f5900000,0x00000000f5900000)
  from space 16896K, 56% used [0x00000000f5900000,0x00000000f6242040,0x00000000f6980000)
  to   space 16384K, 0% used [0x00000000f6f00000,0x00000000f6f00000,0x00000000f7f00000)
 ParOldGen       total 225280K, used 139714K [0x00000000c0000000, 0x00000000cdc00000, 0x00000000eab00000)
  object space 225280K, 62% used [0x00000000c0000000,0x00000000c8870958,0x00000000cdc00000)
 Metaspace       used 94509K, capacity 100938K, committed 101248K, reserved 1136640K
  class space    used 11167K, capacity 13080K, committed 13184K, reserved 1048576K
Event: 16889.469 GC heap after
Heap after GC invocations=355 (full 29):
 PSYoungGen      total 183296K, used 9579K [0x00000000eab00000, 0x00000000f7880000, 0x0000000100000000)
  eden space 173568K, 0% used [0x00000000eab00000,0x00000000eab00000,0x00000000f5480000)
  from space 9728K, 98% used [0x00000000f6f00000,0x00000000f785add8,0x00000000f7880000)
  to   space 16384K, 0% used [0x00000000f5880000,0x00000000f5880000,0x00000000f6880000)
 ParOldGen       total 225280K, used 140154K [0x00000000c0000000, 0x00000000cdc00000, 0x00000000eab00000)
  object space 225280K, 62% used [0x00000000c0000000,0x00000000c88de958,0x00000000cdc00000)
 Metaspace       used 94509K, capacity 100938K, committed 101248K, reserved 1136640K
  class space    used 11167K, capacity 13080K, committed 13184K, reserved 1048576K
}
Event: 16958.881 GC heap before
{Heap before GC invocations=356 (full 29):
 PSYoungGen      total 183296K, used 183147K [0x00000000eab00000, 0x00000000f7880000, 0x0000000100000000)
  eden space 173568K, 100% used [0x00000000eab00000,0x00000000f5480000,0x00000000f5480000)
  from space 9728K, 98% used [0x00000000f6f00000,0x00000000f785add8,0x00000000f7880000)
  to   space 16384K, 0% used [0x00000000f5880000,0x00000000f5880000,0x00000000f6880000)
 ParOldGen       total 225280K, used 140154K [0x00000000c0000000, 0x00000000cdc00000, 0x00000000eab00000)
  object space 225280K, 62% used [0x00000000c0000000,0x00000000c88de958,0x00000000cdc00000)
 Metaspace       used 94515K, capacity 100938K, committed 101248K, reserved 1136640K
  class space    used 11168K, capacity 13080K, committed 13184K, reserved 1048576K
Event: 16958.918 GC heap after
Heap after GC invocations=356 (full 29):
 PSYoungGen      total 181760K, used 12397K [0x00000000eab00000, 0x00000000f7100000, 0x0000000100000000)
  eden space 168960K, 0% used [0x00000000eab00000,0x00000000eab00000,0x00000000f5000000)
  from space 12800K, 96% used [0x00000000f5880000,0x00000000f649b660,0x00000000f6500000)
  to   space 12288K, 0% used [0x00000000f6500000,0x00000000f6500000,0x00000000f7100000)
 ParOldGen       total 225280K, used 140426K [0x00000000c0000000, 0x00000000cdc00000, 0x00000000eab00000)
  object space 225280K, 62% used [0x00000000c0000000,0x00000000c8922958,0x00000000cdc00000)
 Metaspace       used 94515K, capacity 100938K, committed 101248K, reserved 1136640K
  class space    used 11168K, capacity 13080K, committed 13184K, reserved 1048576K
}
Event: 17009.141 GC heap before
{Heap before GC invocations=357 (full 29):
 PSYoungGen      total 181760K, used 181357K [0x00000000eab00000, 0x00000000f7100000, 0x0000000100000000)
  eden space 168960K, 100% used [0x00000000eab00000,0x00000000f5000000,0x00000000f5000000)
  from space 12800K, 96% used [0x00000000f5880000,0x00000000f649b660,0x00000000f6500000)
  to   space 12288K, 0% used [0x00000000f6500000,0x00000000f6500000,0x00000000f7100000)
 ParOldGen       total 225280K, used 140426K [0x00000000c0000000, 0x00000000cdc00000, 0x00000000eab00000)
  object space 225280K, 62% used [0x00000000c0000000,0x00000000c8922958,0x00000000cdc00000)
 Metaspace       used 94658K, capacity 101162K, committed 101248K, reserved 1136640K
  class space    used 11186K, capacity 13112K, committed 13184K, reserved 1048576K
Event: 17009.197 GC heap after
Heap after GC invocations=357 (full 29):
 PSYoungGen      total 173568K, used 9075K [0x00000000eab00000, 0x00000000f6e00000, 0x0000000100000000)
  eden space 164352K, 0% used [0x00000000eab00000,0x00000000eab00000,0x00000000f4b80000)
  from space 9216K, 98% used [0x00000000f6500000,0x00000000f6ddce78,0x00000000f6e00000)
  to   space 16384K, 0% used [0x00000000f4e00000,0x00000000f4e00000,0x00000000f5e00000)
 ParOldGen       total 225280K, used 140882K [0x00000000c0000000, 0x00000000cdc00000, 0x00000000eab00000)
  object space 225280K, 62% used [0x00000000c0000000,0x00000000c8994958,0x00000000cdc00000)
 Metaspace       used 94658K, capacity 101162K, committed 101248K, reserved 1136640K
  class space    used 11186K, capacity 13112K, committed 13184K, reserved 1048576K
}

